Using pre-set license
Built from '2020.3/staging' branch; Version is '2020.3.6f1 (338bb68529b2) revision 3378102'; Using compiler version '192528614'; Build Type 'Release'
OS: 'Windows 10 Home; OS build 19042.928; Version 2009; 64bit' Language: 'ko' Physical Memory: 7986 MB
BatchMode: 1, IsHumanControllingUs: 0, StartBugReporterOnCrash: 0, Is64bit: 1, IsPro: 0

 COMMAND LINE ARGUMENTS:
C:\Program Files\Unity\Hub\Editor\2020.3.6f1\Editor\Unity.exe
-adb2
-batchMode
-noUpm
-name
AssetImportWorker2
-projectPath
C:/Users/82103/Downloads/2D게
-logFile
Logs/AssetImportWorker2.log
-srvPort
61154
Successfully changed project path to: C:/Users/82103/Downloads/2D게
C:/Users/82103/Downloads/2D게
Using Asset Import Pipeline V2.
Refreshing native plugins compatible for Editor in 46.24 ms, found 2 plugins.
Preloading 0 native plugins for Editor in 0.00 ms.
Initialize engine version: 2020.3.6f1 (338bb68529b2)
[Subsystems] Discovering subsystems at path C:/Program Files/Unity/Hub/Editor/2020.3.6f1/Editor/Data/Resources/UnitySubsystems
[Subsystems] Discovering subsystems at path C:/Users/82103/Downloads/2D게/Assets
GfxDevice: creating device client; threaded=0
Direct3D:
    Version:  Direct3D 11.0 [level 11.1]
    Renderer: Intel(R) UHD Graphics 620 (ID=0x3ea0)
    Vendor:   
    VRAM:     3993 MB
    Driver:   25.20.100.6577
Initialize mono
Mono path[0] = 'C:/Program Files/Unity/Hub/Editor/2020.3.6f1/Editor/Data/Managed'
Mono path[1] = 'C:/Program Files/Unity/Hub/Editor/2020.3.6f1/Editor/Data/MonoBleedingEdge/lib/mono/unityjit'
Mono config path = 'C:/Program Files/Unity/Hub/Editor/2020.3.6f1/Editor/Data/MonoBleedingEdge/etc'
Using monoOptions --debugger-agent=transport=dt_socket,embedding=1,server=y,suspend=n,address=127.0.0.1:56324
Begin MonoManager ReloadAssembly
Registering precompiled unity dll's ...
Register platform support module: C:/Program Files/Unity/Hub/Editor/2020.3.6f1/Editor/Data/PlaybackEngines/WindowsStandaloneSupport/UnityEditor.WindowsStandalone.Extensions.dll
Registered in 0.004558 seconds.
Native extension for WindowsStandalone target not found
Refreshing native plugins compatible for Editor in 38.07 ms, found 2 plugins.
Preloading 0 native plugins for Editor in 0.00 ms.
Mono: successfully reloaded assembly
- Completed reload, in  1.075 seconds
Platform modules already initialized, skipping
Registering precompiled user dll's ...
Registered in 0.012581 seconds.
Begin MonoManager ReloadAssembly
Native extension for WindowsStandalone target not found
Refreshing native plugins compatible for Editor in 37.22 ms, found 2 plugins.
Preloading 0 native plugins for Editor in 0.00 ms.
Mono: successfully reloaded assembly
- Completed reload, in  2.602 seconds
Platform modules already initialized, skipping
========================================================================
Worker process is ready to serve import requests
Launched and connected shader compiler UnityShaderCompiler.exe after 0.15 seconds
Refreshing native plugins compatible for Editor in 0.48 ms, found 2 plugins.
Preloading 0 native plugins for Editor in 0.00 ms.
Unloading 1826 Unused Serialized files (Serialized files now loaded: 0)
System memory in use before: 85.9 MB.
System memory in use after: 85.8 MB.

Unloading 40 unused Assets to reduce memory usage. Loaded Objects now: 2287.
Total: 3.216700 ms (FindLiveObjects: 0.236200 ms CreateObjectMapping: 0.055900 ms MarkObjects: 2.719700 ms  DeleteObjects: 0.203500 ms)

========================================================================
Received Import Request.
  path: Assets/Macro/player.asset
  artifactKey: Guid(5bb2420f2a8b7b94f8f4a00ec7a07015) Importer(815301076,1909f56bfc062723c751e8b465ee728b)
Start importing Assets/Macro/player.asset using Guid(5bb2420f2a8b7b94f8f4a00ec7a07015) Importer(815301076,1909f56bfc062723c751e8b465ee728b)  -> (artifact id: 'dad75fe78a3cae7d0dd33e015fd1d710') in 0.697820 seconds
  Import took 0.727249 seconds .

========================================================================
Received Import Request.
  Time since last request: 0.000585 seconds.
  path: Assets/Install Bolt/Editor/InstallBoltMenuItem.cs
  artifactKey: Guid(69b6a2c878682d74c9227a305df0fabc) Importer(815301076,1909f56bfc062723c751e8b465ee728b)
Start importing Assets/Install Bolt/Editor/InstallBoltMenuItem.cs using Guid(69b6a2c878682d74c9227a305df0fabc) Importer(815301076,1909f56bfc062723c751e8b465ee728b)  -> (artifact id: '4716cc01b6ee703633cf15bc929067cc') in 0.099082 seconds
  Import took 0.108842 seconds .

========================================================================
Received Import Request.
  Time since last request: 13026.327826 seconds.
  path: Assets/Player.cs
  artifactKey: Guid(381e64448c3eb8b4ea08698892c6df4c) Importer(815301076,1909f56bfc062723c751e8b465ee728b)
Start importing Assets/Player.cs using Guid(381e64448c3eb8b4ea08698892c6df4c) Importer(815301076,1909f56bfc062723c751e8b465ee728b)  -> (artifact id: '9431d70047db95c5d0210e058bf98854') in 0.013379 seconds
  Import took 0.021467 seconds .

========================================================================
Received Prepare
Registering precompiled user dll's ...
Registered in 0.012327 seconds.
Begin MonoManager ReloadAssembly
Native extension for WindowsStandalone target not found
Refreshing native plugins compatible for Editor in 0.85 ms, found 2 plugins.
Preloading 0 native plugins for Editor in 0.00 ms.
Mono: successfully reloaded assembly
- Completed reload, in  1.170 seconds
Platform modules already initialized, skipping
Refreshing native plugins compatible for Editor in 0.80 ms, found 2 plugins.
Preloading 0 native plugins for Editor in 0.00 ms.
Unloading 1821 Unused Serialized files (Serialized files now loaded: 0)
System memory in use before: 85.8 MB.
System memory in use after: 85.8 MB.

Unloading 28 unused Assets to reduce memory usage. Loaded Objects now: 2291.
Total: 3.357500 ms (FindLiveObjects: 0.499400 ms CreateObjectMapping: 0.240000 ms MarkObjects: 2.463500 ms  DeleteObjects: 0.151900 ms)

AssetImportWorkerClient::OnTransportError - code=2 error=End of file
